{"/Users/willthompson/turing/mod_4/projects/quantified-self/app.js": {"path":"/Users/willthompson/turing/mod_4/projects/quantified-self/app.js","statementMap":{"0":{"start":{"line":1,"column":14},"end":{"line":1,"column":32}},"1":{"start":{"line":2,"column":11},"end":{"line":2,"column":26}},"2":{"start":{"line":3,"column":19},"end":{"line":3,"column":43}},"3":{"start":{"line":4,"column":13},"end":{"line":4,"column":30}},"4":{"start":{"line":6,"column":18},"end":{"line":6,"column":43}},"5":{"start":{"line":7,"column":18},"end":{"line":7,"column":50}},"6":{"start":{"line":8,"column":18},"end":{"line":8,"column":50}},"7":{"start":{"line":10,"column":10},"end":{"line":10,"column":19}},"8":{"start":{"line":12,"column":0},"end":{"line":12,"column":23}},"9":{"start":{"line":13,"column":0},"end":{"line":13,"column":24}},"10":{"start":{"line":14,"column":0},"end":{"line":14,"column":49}},"11":{"start":{"line":15,"column":0},"end":{"line":15,"column":24}},"12":{"start":{"line":16,"column":0},"end":{"line":16,"column":56}},"13":{"start":{"line":18,"column":0},"end":{"line":18,"column":26}},"14":{"start":{"line":19,"column":0},"end":{"line":19,"column":38}},"15":{"start":{"line":20,"column":0},"end":{"line":20,"column":38}},"16":{"start":{"line":22,"column":0},"end":{"line":22,"column":21}}},"fnMap":{},"branchMap":{},"s":{"0":1,"1":1,"2":1,"3":1,"4":1,"5":1,"6":1,"7":1,"8":1,"9":1,"10":1,"11":1,"12":1,"13":1,"14":1,"15":1,"16":1},"f":{},"b":{},"_coverageSchema":"43e27e138ebf9cfc5966b082cf9a028302ed4184","hash":"e90ab0df58fd1cdacb11247a240d9ac0182da20b"}
,"/Users/willthompson/turing/mod_4/projects/quantified-self/models/food.js": {"path":"/Users/willthompson/turing/mod_4/projects/quantified-self/models/food.js","statementMap":{"0":{"start":{"line":2,"column":0},"end":{"line":18,"column":2}},"1":{"start":{"line":4,"column":15},"end":{"line":7,"column":8}},"2":{"start":{"line":8,"column":2},"end":{"line":16,"column":4}},"3":{"start":{"line":10,"column":4},"end":{"line":15,"column":7}},"4":{"start":{"line":17,"column":2},"end":{"line":17,"column":14}}},"fnMap":{"0":{"name":"(anonymous_0)","decl":{"start":{"line":2,"column":17},"end":{"line":2,"column":18}},"loc":{"start":{"line":2,"column":43},"end":{"line":18,"column":1}},"line":2},"1":{"name":"(anonymous_1)","decl":{"start":{"line":8,"column":19},"end":{"line":8,"column":20}},"loc":{"start":{"line":8,"column":36},"end":{"line":16,"column":3}},"line":8}},"branchMap":{},"s":{"0":1,"1":1,"2":1,"3":1,"4":1},"f":{"0":1,"1":1},"b":{},"_coverageSchema":"43e27e138ebf9cfc5966b082cf9a028302ed4184","hash":"14db30fe074363ac2a9495723e550219f5487265"}
,"/Users/willthompson/turing/mod_4/projects/quantified-self/models/index.js": {"path":"/Users/willthompson/turing/mod_4/projects/quantified-self/models/index.js","statementMap":{"0":{"start":{"line":3,"column":11},"end":{"line":3,"column":24}},"1":{"start":{"line":4,"column":13},"end":{"line":4,"column":28}},"2":{"start":{"line":5,"column":18},"end":{"line":5,"column":38}},"3":{"start":{"line":6,"column":17},"end":{"line":6,"column":42}},"4":{"start":{"line":7,"column":12},"end":{"line":7,"column":49}},"5":{"start":{"line":8,"column":15},"end":{"line":8,"column":65}},"6":{"start":{"line":9,"column":11},"end":{"line":9,"column":13}},"7":{"start":{"line":12,"column":0},"end":{"line":16,"column":1}},"8":{"start":{"line":13,"column":2},"end":{"line":13,"column":74}},"9":{"start":{"line":15,"column":2},"end":{"line":15,"column":87}},"10":{"start":{"line":18,"column":0},"end":{"line":26,"column":5}},"11":{"start":{"line":21,"column":4},"end":{"line":21,"column":90}},"12":{"start":{"line":24,"column":18},"end":{"line":24,"column":65}},"13":{"start":{"line":25,"column":4},"end":{"line":25,"column":27}},"14":{"start":{"line":28,"column":0},"end":{"line":32,"column":3}},"15":{"start":{"line":29,"column":2},"end":{"line":31,"column":3}},"16":{"start":{"line":30,"column":4},"end":{"line":30,"column":32}},"17":{"start":{"line":34,"column":0},"end":{"line":34,"column":25}},"18":{"start":{"line":35,"column":0},"end":{"line":35,"column":25}},"19":{"start":{"line":37,"column":0},"end":{"line":37,"column":20}}},"fnMap":{"0":{"name":"(anonymous_0)","decl":{"start":{"line":20,"column":10},"end":{"line":20,"column":11}},"loc":{"start":{"line":20,"column":18},"end":{"line":22,"column":3}},"line":20},"1":{"name":"(anonymous_1)","decl":{"start":{"line":23,"column":11},"end":{"line":23,"column":12}},"loc":{"start":{"line":23,"column":19},"end":{"line":26,"column":3}},"line":23},"2":{"name":"(anonymous_2)","decl":{"start":{"line":28,"column":24},"end":{"line":28,"column":25}},"loc":{"start":{"line":28,"column":37},"end":{"line":32,"column":1}},"line":28}},"branchMap":{"0":{"loc":{"start":{"line":7,"column":12},"end":{"line":7,"column":49}},"type":"binary-expr","locations":[{"start":{"line":7,"column":12},"end":{"line":7,"column":32}},{"start":{"line":7,"column":36},"end":{"line":7,"column":49}}],"line":7},"1":{"loc":{"start":{"line":12,"column":0},"end":{"line":16,"column":1}},"type":"if","locations":[{"start":{"line":12,"column":0},"end":{"line":16,"column":1}},{"start":{"line":12,"column":0},"end":{"line":16,"column":1}}],"line":12},"2":{"loc":{"start":{"line":21,"column":11},"end":{"line":21,"column":89}},"type":"binary-expr","locations":[{"start":{"line":21,"column":12},"end":{"line":21,"column":35}},{"start":{"line":21,"column":41},"end":{"line":21,"column":58}},{"start":{"line":21,"column":64},"end":{"line":21,"column":88}}],"line":21},"3":{"loc":{"start":{"line":29,"column":2},"end":{"line":31,"column":3}},"type":"if","locations":[{"start":{"line":29,"column":2},"end":{"line":31,"column":3}},{"start":{"line":29,"column":2},"end":{"line":31,"column":3}}],"line":29}},"s":{"0":1,"1":1,"2":1,"3":1,"4":1,"5":1,"6":1,"7":1,"8":0,"9":1,"10":1,"11":4,"12":3,"13":3,"14":1,"15":3,"16":3,"17":1,"18":1,"19":1},"f":{"0":4,"1":3,"2":3},"b":{"0":[1,0],"1":[0,1],"2":[4,4,3],"3":[3,0]},"_coverageSchema":"43e27e138ebf9cfc5966b082cf9a028302ed4184","hash":"1e8754c0ece267f7fdae5c40a0af3a030e45c2b4"}
,"/Users/willthompson/turing/mod_4/projects/quantified-self/models/meal.js": {"path":"/Users/willthompson/turing/mod_4/projects/quantified-self/models/meal.js","statementMap":{"0":{"start":{"line":3,"column":0},"end":{"line":17,"column":2}},"1":{"start":{"line":4,"column":15},"end":{"line":6,"column":8}},"2":{"start":{"line":7,"column":2},"end":{"line":15,"column":4}},"3":{"start":{"line":9,"column":4},"end":{"line":14,"column":7}},"4":{"start":{"line":16,"column":2},"end":{"line":16,"column":14}}},"fnMap":{"0":{"name":"(anonymous_0)","decl":{"start":{"line":3,"column":17},"end":{"line":3,"column":18}},"loc":{"start":{"line":3,"column":43},"end":{"line":17,"column":1}},"line":3},"1":{"name":"(anonymous_1)","decl":{"start":{"line":7,"column":19},"end":{"line":7,"column":20}},"loc":{"start":{"line":7,"column":36},"end":{"line":15,"column":3}},"line":7}},"branchMap":{},"s":{"0":1,"1":1,"2":1,"3":1,"4":1},"f":{"0":1,"1":1},"b":{},"_coverageSchema":"43e27e138ebf9cfc5966b082cf9a028302ed4184","hash":"b125be22f73289f10d571a3c26818ad23263b0be"}
,"/Users/willthompson/turing/mod_4/projects/quantified-self/models/mealfood.js": {"path":"/Users/willthompson/turing/mod_4/projects/quantified-self/models/mealfood.js","statementMap":{"0":{"start":{"line":2,"column":0},"end":{"line":11,"column":2}},"1":{"start":{"line":3,"column":19},"end":{"line":6,"column":8}},"2":{"start":{"line":7,"column":2},"end":{"line":9,"column":4}},"3":{"start":{"line":10,"column":2},"end":{"line":10,"column":18}}},"fnMap":{"0":{"name":"(anonymous_0)","decl":{"start":{"line":2,"column":17},"end":{"line":2,"column":18}},"loc":{"start":{"line":2,"column":43},"end":{"line":11,"column":1}},"line":2},"1":{"name":"(anonymous_1)","decl":{"start":{"line":7,"column":23},"end":{"line":7,"column":24}},"loc":{"start":{"line":7,"column":40},"end":{"line":9,"column":3}},"line":7}},"branchMap":{},"s":{"0":1,"1":1,"2":1,"3":1},"f":{"0":1,"1":1},"b":{},"_coverageSchema":"43e27e138ebf9cfc5966b082cf9a028302ed4184","hash":"2346478c020406872835a40073a9e1659be8b2e7"}
,"/Users/willthompson/turing/mod_4/projects/quantified-self/routes/index.js": {"path":"/Users/willthompson/turing/mod_4/projects/quantified-self/routes/index.js","statementMap":{"0":{"start":{"line":1,"column":14},"end":{"line":1,"column":32}},"1":{"start":{"line":2,"column":13},"end":{"line":2,"column":29}},"2":{"start":{"line":5,"column":0},"end":{"line":7,"column":3}},"3":{"start":{"line":6,"column":2},"end":{"line":6,"column":44}},"4":{"start":{"line":9,"column":0},"end":{"line":9,"column":24}}},"fnMap":{"0":{"name":"(anonymous_0)","decl":{"start":{"line":5,"column":16},"end":{"line":5,"column":17}},"loc":{"start":{"line":5,"column":41},"end":{"line":7,"column":1}},"line":5}},"branchMap":{},"s":{"0":1,"1":1,"2":1,"3":0,"4":1},"f":{"0":0},"b":{},"_coverageSchema":"43e27e138ebf9cfc5966b082cf9a028302ed4184","hash":"ddc5c9bca9f7644c5944a26a18c6cfd9439d58ac"}
,"/Users/willthompson/turing/mod_4/projects/quantified-self/routes/api/v1/foods.js": {"path":"/Users/willthompson/turing/mod_4/projects/quantified-self/routes/api/v1/foods.js","statementMap":{"0":{"start":{"line":1,"column":14},"end":{"line":1,"column":32}},"1":{"start":{"line":2,"column":13},"end":{"line":2,"column":29}},"2":{"start":{"line":3,"column":12},"end":{"line":3,"column":33}},"3":{"start":{"line":4,"column":11},"end":{"line":4,"column":42}},"4":{"start":{"line":7,"column":0},"end":{"line":16,"column":3}},"5":{"start":{"line":8,"column":2},"end":{"line":8,"column":52}},"6":{"start":{"line":9,"column":2},"end":{"line":15,"column":7}},"7":{"start":{"line":11,"column":6},"end":{"line":11,"column":50}},"8":{"start":{"line":14,"column":6},"end":{"line":14,"column":35}},"9":{"start":{"line":19,"column":0},"end":{"line":29,"column":3}},"10":{"start":{"line":20,"column":2},"end":{"line":20,"column":52}},"11":{"start":{"line":21,"column":2},"end":{"line":28,"column":7}},"12":{"start":{"line":24,"column":6},"end":{"line":24,"column":49}},"13":{"start":{"line":27,"column":6},"end":{"line":27,"column":35}},"14":{"start":{"line":32,"column":0},"end":{"line":44,"column":3}},"15":{"start":{"line":33,"column":1},"end":{"line":33,"column":51}},"16":{"start":{"line":34,"column":2},"end":{"line":43,"column":6}},"17":{"start":{"line":39,"column":7},"end":{"line":39,"column":50}},"18":{"start":{"line":42,"column":5},"end":{"line":42,"column":34}},"19":{"start":{"line":46,"column":0},"end":{"line":59,"column":3}},"20":{"start":{"line":47,"column":1},"end":{"line":47,"column":51}},"21":{"start":{"line":48,"column":2},"end":{"line":58,"column":6}},"22":{"start":{"line":50,"column":7},"end":{"line":53,"column":12}},"23":{"start":{"line":54,"column":7},"end":{"line":54,"column":50}},"24":{"start":{"line":57,"column":5},"end":{"line":57,"column":34}},"25":{"start":{"line":61,"column":0},"end":{"line":72,"column":3}},"26":{"start":{"line":62,"column":2},"end":{"line":71,"column":7}},"27":{"start":{"line":65,"column":6},"end":{"line":65,"column":56}},"28":{"start":{"line":66,"column":6},"end":{"line":66,"column":49}},"29":{"start":{"line":69,"column":6},"end":{"line":69,"column":56}},"30":{"start":{"line":70,"column":6},"end":{"line":70,"column":35}},"31":{"start":{"line":75,"column":0},"end":{"line":75,"column":24}}},"fnMap":{"0":{"name":"(anonymous_0)","decl":{"start":{"line":7,"column":16},"end":{"line":7,"column":17}},"loc":{"start":{"line":7,"column":41},"end":{"line":16,"column":1}},"line":7},"1":{"name":"(anonymous_1)","decl":{"start":{"line":10,"column":10},"end":{"line":10,"column":11}},"loc":{"start":{"line":10,"column":19},"end":{"line":12,"column":5}},"line":10},"2":{"name":"(anonymous_2)","decl":{"start":{"line":13,"column":11},"end":{"line":13,"column":12}},"loc":{"start":{"line":13,"column":20},"end":{"line":15,"column":5}},"line":13},"3":{"name":"(anonymous_3)","decl":{"start":{"line":19,"column":19},"end":{"line":19,"column":20}},"loc":{"start":{"line":19,"column":44},"end":{"line":29,"column":1}},"line":19},"4":{"name":"(anonymous_4)","decl":{"start":{"line":23,"column":18},"end":{"line":23,"column":19}},"loc":{"start":{"line":23,"column":26},"end":{"line":25,"column":5}},"line":23},"5":{"name":"(anonymous_5)","decl":{"start":{"line":26,"column":11},"end":{"line":26,"column":12}},"loc":{"start":{"line":26,"column":20},"end":{"line":28,"column":5}},"line":26},"6":{"name":"(anonymous_6)","decl":{"start":{"line":32,"column":17},"end":{"line":32,"column":18}},"loc":{"start":{"line":32,"column":42},"end":{"line":44,"column":1}},"line":32},"7":{"name":"(anonymous_7)","decl":{"start":{"line":38,"column":11},"end":{"line":38,"column":12}},"loc":{"start":{"line":38,"column":19},"end":{"line":40,"column":6}},"line":38},"8":{"name":"(anonymous_8)","decl":{"start":{"line":41,"column":10},"end":{"line":41,"column":11}},"loc":{"start":{"line":41,"column":19},"end":{"line":43,"column":4}},"line":41},"9":{"name":"(anonymous_9)","decl":{"start":{"line":46,"column":21},"end":{"line":46,"column":22}},"loc":{"start":{"line":46,"column":46},"end":{"line":59,"column":1}},"line":46},"10":{"name":"(anonymous_10)","decl":{"start":{"line":49,"column":11},"end":{"line":49,"column":12}},"loc":{"start":{"line":49,"column":19},"end":{"line":55,"column":6}},"line":49},"11":{"name":"(anonymous_11)","decl":{"start":{"line":56,"column":10},"end":{"line":56,"column":11}},"loc":{"start":{"line":56,"column":19},"end":{"line":58,"column":4}},"line":56},"12":{"name":"(anonymous_12)","decl":{"start":{"line":61,"column":22},"end":{"line":61,"column":23}},"loc":{"start":{"line":61,"column":47},"end":{"line":72,"column":1}},"line":61},"13":{"name":"(anonymous_13)","decl":{"start":{"line":64,"column":18},"end":{"line":64,"column":19}},"loc":{"start":{"line":64,"column":26},"end":{"line":67,"column":5}},"line":64},"14":{"name":"(anonymous_14)","decl":{"start":{"line":68,"column":11},"end":{"line":68,"column":12}},"loc":{"start":{"line":68,"column":20},"end":{"line":71,"column":5}},"line":68}},"branchMap":{},"s":{"0":1,"1":1,"2":1,"3":1,"4":1,"5":1,"6":1,"7":1,"8":0,"9":1,"10":1,"11":1,"12":1,"13":0,"14":1,"15":1,"16":1,"17":1,"18":0,"19":1,"20":1,"21":1,"22":1,"23":1,"24":0,"25":1,"26":1,"27":1,"28":1,"29":0,"30":0,"31":1},"f":{"0":1,"1":1,"2":0,"3":1,"4":1,"5":0,"6":1,"7":1,"8":0,"9":1,"10":1,"11":0,"12":1,"13":1,"14":0},"b":{},"_coverageSchema":"43e27e138ebf9cfc5966b082cf9a028302ed4184","hash":"3a39a292cf0461468fb65576750d82a29ed75c63"}
,"/Users/willthompson/turing/mod_4/projects/quantified-self/routes/api/v1/meals.js": {"path":"/Users/willthompson/turing/mod_4/projects/quantified-self/routes/api/v1/meals.js","statementMap":{"0":{"start":{"line":1,"column":14},"end":{"line":1,"column":32}},"1":{"start":{"line":2,"column":13},"end":{"line":2,"column":29}},"2":{"start":{"line":3,"column":12},"end":{"line":3,"column":33}},"3":{"start":{"line":4,"column":13},"end":{"line":4,"column":44}},"4":{"start":{"line":5,"column":13},"end":{"line":5,"column":44}},"5":{"start":{"line":6,"column":17},"end":{"line":6,"column":52}},"6":{"start":{"line":8,"column":0},"end":{"line":22,"column":3}},"7":{"start":{"line":9,"column":2},"end":{"line":9,"column":52}},"8":{"start":{"line":10,"column":2},"end":{"line":21,"column":5}},"9":{"start":{"line":17,"column":4},"end":{"line":17,"column":48}},"10":{"start":{"line":20,"column":4},"end":{"line":20,"column":33}},"11":{"start":{"line":24,"column":0},"end":{"line":39,"column":3}},"12":{"start":{"line":25,"column":2},"end":{"line":25,"column":52}},"13":{"start":{"line":26,"column":2},"end":{"line":38,"column":5}},"14":{"start":{"line":34,"column":4},"end":{"line":34,"column":48}},"15":{"start":{"line":37,"column":4},"end":{"line":37,"column":33}},"16":{"start":{"line":41,"column":0},"end":{"line":57,"column":3}},"17":{"start":{"line":42,"column":2},"end":{"line":42,"column":52}},"18":{"start":{"line":43,"column":2},"end":{"line":43,"column":46}},"19":{"start":{"line":44,"column":2},"end":{"line":56,"column":5}},"20":{"start":{"line":50,"column":4},"end":{"line":50,"column":51}},"21":{"start":{"line":54,"column":4},"end":{"line":54,"column":54}},"22":{"start":{"line":55,"column":4},"end":{"line":55,"column":33}},"23":{"start":{"line":59,"column":0},"end":{"line":70,"column":3}},"24":{"start":{"line":60,"column":2},"end":{"line":69,"column":5}},"25":{"start":{"line":63,"column":4},"end":{"line":63,"column":54}},"26":{"start":{"line":64,"column":4},"end":{"line":64,"column":47}},"27":{"start":{"line":67,"column":4},"end":{"line":67,"column":54}},"28":{"start":{"line":68,"column":4},"end":{"line":68,"column":33}},"29":{"start":{"line":72,"column":0},"end":{"line":72,"column":24}}},"fnMap":{"0":{"name":"(anonymous_0)","decl":{"start":{"line":8,"column":16},"end":{"line":8,"column":17}},"loc":{"start":{"line":8,"column":41},"end":{"line":22,"column":1}},"line":8},"1":{"name":"(anonymous_1)","decl":{"start":{"line":16,"column":8},"end":{"line":16,"column":9}},"loc":{"start":{"line":16,"column":17},"end":{"line":18,"column":3}},"line":16},"2":{"name":"(anonymous_2)","decl":{"start":{"line":19,"column":9},"end":{"line":19,"column":10}},"loc":{"start":{"line":19,"column":18},"end":{"line":21,"column":3}},"line":19},"3":{"name":"(anonymous_3)","decl":{"start":{"line":24,"column":30},"end":{"line":24,"column":31}},"loc":{"start":{"line":24,"column":55},"end":{"line":39,"column":1}},"line":24},"4":{"name":"(anonymous_4)","decl":{"start":{"line":33,"column":8},"end":{"line":33,"column":9}},"loc":{"start":{"line":33,"column":17},"end":{"line":35,"column":3}},"line":33},"5":{"name":"(anonymous_5)","decl":{"start":{"line":36,"column":9},"end":{"line":36,"column":10}},"loc":{"start":{"line":36,"column":18},"end":{"line":38,"column":3}},"line":36},"6":{"name":"(anonymous_6)","decl":{"start":{"line":41,"column":35},"end":{"line":41,"column":36}},"loc":{"start":{"line":41,"column":60},"end":{"line":57,"column":1}},"line":41},"7":{"name":"(anonymous_7)","decl":{"start":{"line":49,"column":8},"end":{"line":49,"column":9}},"loc":{"start":{"line":49,"column":20},"end":{"line":51,"column":3}},"line":49},"8":{"name":"(anonymous_8)","decl":{"start":{"line":53,"column":9},"end":{"line":53,"column":10}},"loc":{"start":{"line":53,"column":18},"end":{"line":56,"column":3}},"line":53},"9":{"name":"(anonymous_9)","decl":{"start":{"line":59,"column":37},"end":{"line":59,"column":38}},"loc":{"start":{"line":59,"column":62},"end":{"line":70,"column":1}},"line":59},"10":{"name":"(anonymous_10)","decl":{"start":{"line":62,"column":14},"end":{"line":62,"column":15}},"loc":{"start":{"line":62,"column":22},"end":{"line":65,"column":3}},"line":62},"11":{"name":"(anonymous_11)","decl":{"start":{"line":66,"column":9},"end":{"line":66,"column":10}},"loc":{"start":{"line":66,"column":18},"end":{"line":69,"column":3}},"line":66}},"branchMap":{"0":{"loc":{"start":{"line":61,"column":11},"end":{"line":61,"column":68}},"type":"binary-expr","locations":[{"start":{"line":61,"column":11},"end":{"line":61,"column":35}},{"start":{"line":61,"column":39},"end":{"line":61,"column":68}}],"line":61}},"s":{"0":1,"1":1,"2":1,"3":1,"4":1,"5":1,"6":1,"7":1,"8":1,"9":1,"10":0,"11":1,"12":1,"13":1,"14":1,"15":0,"16":1,"17":1,"18":1,"19":1,"20":1,"21":0,"22":0,"23":1,"24":1,"25":1,"26":1,"27":0,"28":0,"29":1},"f":{"0":1,"1":1,"2":0,"3":1,"4":1,"5":0,"6":1,"7":1,"8":0,"9":1,"10":1,"11":0},"b":{"0":[1,1]},"_coverageSchema":"43e27e138ebf9cfc5966b082cf9a028302ed4184","hash":"119c464651aa2df8d29c8442e0e3fa2ed06cb009"}
}
