TN:
SF:/Users/willthompson/turing/mod_4/projects/quantified-self/app.js
FNF:0
FNH:0
DA:1,1
DA:2,1
DA:3,1
DA:4,1
DA:6,1
DA:7,1
DA:8,1
DA:10,1
DA:12,1
DA:13,1
DA:14,1
DA:15,1
DA:16,1
DA:18,1
DA:19,1
DA:20,1
DA:22,1
LF:17
LH:17
BRF:0
BRH:0
end_of_record
TN:
SF:/Users/willthompson/turing/mod_4/projects/quantified-self/models/food.js
FN:2,(anonymous_0)
FN:8,(anonymous_1)
FNF:2
FNH:2
FNDA:1,(anonymous_0)
FNDA:1,(anonymous_1)
DA:2,1
DA:4,1
DA:8,1
DA:10,1
DA:17,1
LF:5
LH:5
BRF:0
BRH:0
end_of_record
TN:
SF:/Users/willthompson/turing/mod_4/projects/quantified-self/models/index.js
FN:20,(anonymous_0)
FN:23,(anonymous_1)
FN:28,(anonymous_2)
FNF:3
FNH:3
FNDA:4,(anonymous_0)
FNDA:3,(anonymous_1)
FNDA:3,(anonymous_2)
DA:3,1
DA:4,1
DA:5,1
DA:6,1
DA:7,1
DA:8,1
DA:9,1
DA:12,1
DA:13,0
DA:15,1
DA:18,1
DA:21,4
DA:24,3
DA:25,3
DA:28,1
DA:29,3
DA:30,3
DA:34,1
DA:35,1
DA:37,1
LF:20
LH:19
BRDA:7,0,0,1
BRDA:7,0,1,0
BRDA:12,1,0,0
BRDA:12,1,1,1
BRDA:21,2,0,4
BRDA:21,2,1,4
BRDA:21,2,2,3
BRDA:29,3,0,3
BRDA:29,3,1,0
BRF:9
BRH:6
end_of_record
TN:
SF:/Users/willthompson/turing/mod_4/projects/quantified-self/models/meal.js
FN:3,(anonymous_0)
FN:7,(anonymous_1)
FNF:2
FNH:2
FNDA:1,(anonymous_0)
FNDA:1,(anonymous_1)
DA:3,1
DA:4,1
DA:7,1
DA:9,1
DA:16,1
LF:5
LH:5
BRF:0
BRH:0
end_of_record
TN:
SF:/Users/willthompson/turing/mod_4/projects/quantified-self/models/mealfood.js
FN:2,(anonymous_0)
FN:7,(anonymous_1)
FNF:2
FNH:2
FNDA:1,(anonymous_0)
FNDA:1,(anonymous_1)
DA:2,1
DA:3,1
DA:7,1
DA:10,1
LF:4
LH:4
BRF:0
BRH:0
end_of_record
TN:
SF:/Users/willthompson/turing/mod_4/projects/quantified-self/routes/index.js
FN:5,(anonymous_0)
FNF:1
FNH:0
FNDA:0,(anonymous_0)
DA:1,1
DA:2,1
DA:5,1
DA:6,0
DA:9,1
LF:5
LH:4
BRF:0
BRH:0
end_of_record
TN:
SF:/Users/willthompson/turing/mod_4/projects/quantified-self/routes/api/v1/foods.js
FN:7,(anonymous_0)
FN:10,(anonymous_1)
FN:13,(anonymous_2)
FN:19,(anonymous_3)
FN:23,(anonymous_4)
FN:33,(anonymous_5)
FN:39,(anonymous_6)
FN:48,(anonymous_7)
FN:51,(anonymous_8)
FN:58,(anonymous_9)
FN:63,(anonymous_10)
FN:66,(anonymous_11)
FN:70,(anonymous_12)
FNF:13
FNH:11
FNDA:1,(anonymous_0)
FNDA:1,(anonymous_1)
FNDA:0,(anonymous_2)
FNDA:2,(anonymous_3)
FNDA:2,(anonymous_4)
FNDA:2,(anonymous_5)
FNDA:2,(anonymous_6)
FNDA:2,(anonymous_7)
FNDA:2,(anonymous_8)
FNDA:1,(anonymous_9)
FNDA:1,(anonymous_10)
FNDA:1,(anonymous_11)
FNDA:0,(anonymous_12)
DA:1,1
DA:2,1
DA:3,1
DA:4,1
DA:7,1
DA:8,1
DA:9,1
DA:11,1
DA:14,0
DA:19,1
DA:20,2
DA:21,2
DA:24,2
DA:25,1
DA:27,1
DA:33,1
DA:34,2
DA:35,2
DA:40,2
DA:41,2
DA:43,0
DA:48,1
DA:49,2
DA:50,2
DA:52,2
DA:56,1
DA:59,1
DA:63,1
DA:64,1
DA:67,1
DA:68,1
DA:71,0
DA:72,0
DA:77,1
LF:34
LH:30
BRDA:24,0,0,1
BRDA:24,0,1,1
BRDA:40,1,0,2
BRDA:40,1,1,0
BRF:4
BRH:3
end_of_record
TN:
SF:/Users/willthompson/turing/mod_4/projects/quantified-self/routes/api/v1/meals.js
FN:8,(anonymous_0)
FN:16,(anonymous_1)
FN:19,(anonymous_2)
FN:24,(anonymous_3)
FN:33,(anonymous_4)
FN:36,(anonymous_5)
FN:41,(anonymous_6)
FN:49,(anonymous_7)
FN:53,(anonymous_8)
FN:59,(anonymous_9)
FN:62,(anonymous_10)
FN:66,(anonymous_11)
FNF:12
FNH:8
FNDA:1,(anonymous_0)
FNDA:1,(anonymous_1)
FNDA:0,(anonymous_2)
FNDA:1,(anonymous_3)
FNDA:1,(anonymous_4)
FNDA:0,(anonymous_5)
FNDA:1,(anonymous_6)
FNDA:1,(anonymous_7)
FNDA:0,(anonymous_8)
FNDA:1,(anonymous_9)
FNDA:1,(anonymous_10)
FNDA:0,(anonymous_11)
DA:1,1
DA:2,1
DA:3,1
DA:4,1
DA:5,1
DA:6,1
DA:8,1
DA:9,1
DA:10,1
DA:17,1
DA:20,0
DA:24,1
DA:25,1
DA:26,1
DA:34,1
DA:37,0
DA:41,1
DA:42,1
DA:43,1
DA:44,1
DA:50,1
DA:54,0
DA:55,0
DA:59,1
DA:60,1
DA:63,1
DA:64,1
DA:67,0
DA:68,0
DA:72,1
LF:30
LH:24
BRDA:61,0,0,1
BRDA:61,0,1,1
BRF:2
BRH:2
end_of_record
