TN:
SF:/Users/willthompson/turing/mod_4/projects/quantified-self/app.js
FNF:0
FNH:0
DA:1,1
DA:2,1
DA:3,1
DA:4,1
DA:6,1
DA:7,1
DA:8,1
DA:9,1
DA:11,1
DA:13,1
DA:14,1
DA:15,1
DA:16,1
DA:17,1
DA:19,1
DA:20,1
DA:21,1
DA:22,1
DA:24,1
LF:19
LH:19
BRF:0
BRH:0
end_of_record
TN:
SF:/Users/willthompson/turing/mod_4/projects/quantified-self/models/food.js
FN:2,(anonymous_0)
FN:8,(anonymous_1)
FNF:2
FNH:2
FNDA:1,(anonymous_0)
FNDA:1,(anonymous_1)
DA:2,1
DA:4,1
DA:8,1
DA:10,1
DA:17,1
LF:5
LH:5
BRF:0
BRH:0
end_of_record
TN:
SF:/Users/willthompson/turing/mod_4/projects/quantified-self/models/index.js
FN:20,(anonymous_0)
FN:23,(anonymous_1)
FN:28,(anonymous_2)
FNF:3
FNH:3
FNDA:4,(anonymous_0)
FNDA:3,(anonymous_1)
FNDA:3,(anonymous_2)
DA:3,1
DA:4,1
DA:5,1
DA:6,1
DA:7,1
DA:8,1
DA:9,1
DA:12,1
DA:13,0
DA:15,1
DA:18,1
DA:21,4
DA:24,3
DA:25,3
DA:28,1
DA:29,3
DA:30,3
DA:34,1
DA:35,1
DA:37,1
LF:20
LH:19
BRDA:7,0,0,1
BRDA:7,0,1,0
BRDA:12,1,0,0
BRDA:12,1,1,1
BRDA:21,2,0,4
BRDA:21,2,1,4
BRDA:21,2,2,3
BRDA:29,3,0,3
BRDA:29,3,1,0
BRF:9
BRH:6
end_of_record
TN:
SF:/Users/willthompson/turing/mod_4/projects/quantified-self/models/meal.js
FN:3,(anonymous_0)
FN:7,(anonymous_1)
FNF:2
FNH:2
FNDA:1,(anonymous_0)
FNDA:1,(anonymous_1)
DA:3,1
DA:4,1
DA:7,1
DA:9,1
DA:16,1
LF:5
LH:5
BRF:0
BRH:0
end_of_record
TN:
SF:/Users/willthompson/turing/mod_4/projects/quantified-self/models/mealfood.js
FN:2,(anonymous_0)
FN:7,(anonymous_1)
FNF:2
FNH:2
FNDA:1,(anonymous_0)
FNDA:1,(anonymous_1)
DA:2,1
DA:3,1
DA:7,1
DA:10,1
LF:4
LH:4
BRF:0
BRH:0
end_of_record
TN:
SF:/Users/willthompson/turing/mod_4/projects/quantified-self/routes/index.js
FN:5,(anonymous_0)
FNF:1
FNH:0
FNDA:0,(anonymous_0)
DA:1,1
DA:2,1
DA:5,1
DA:6,0
DA:9,1
LF:5
LH:4
BRF:0
BRH:0
end_of_record
TN:
SF:/Users/willthompson/turing/mod_4/projects/quantified-self/routes/users.js
FN:5,(anonymous_0)
FNF:1
FNH:0
FNDA:0,(anonymous_0)
DA:1,1
DA:2,1
DA:5,1
DA:6,0
DA:9,1
LF:5
LH:4
BRF:0
BRH:0
end_of_record
TN:
SF:/Users/willthompson/turing/mod_4/projects/quantified-self/routes/api/v1/foods.js
FN:7,(anonymous_0)
FN:10,(anonymous_1)
FN:13,(anonymous_2)
FN:19,(anonymous_3)
FN:23,(anonymous_4)
FN:26,(anonymous_5)
FN:32,(anonymous_6)
FN:38,(anonymous_7)
FN:41,(anonymous_8)
FN:46,(anonymous_9)
FN:49,(anonymous_10)
FN:56,(anonymous_11)
FN:61,(anonymous_12)
FN:64,(anonymous_13)
FN:68,(anonymous_14)
FNF:15
FNH:8
FNDA:1,(anonymous_0)
FNDA:0,(anonymous_1)
FNDA:1,(anonymous_2)
FNDA:1,(anonymous_3)
FNDA:0,(anonymous_4)
FNDA:1,(anonymous_5)
FNDA:0,(anonymous_6)
FNDA:0,(anonymous_7)
FNDA:0,(anonymous_8)
FNDA:1,(anonymous_9)
FNDA:0,(anonymous_10)
FNDA:1,(anonymous_11)
FNDA:1,(anonymous_12)
FNDA:0,(anonymous_13)
FNDA:1,(anonymous_14)
DA:1,1
DA:2,1
DA:3,1
DA:4,1
DA:7,1
DA:8,1
DA:9,1
DA:11,0
DA:14,1
DA:19,1
DA:20,1
DA:21,1
DA:24,0
DA:27,1
DA:32,1
DA:33,0
DA:34,0
DA:39,0
DA:42,0
DA:46,1
DA:47,1
DA:48,1
DA:50,0
DA:54,0
DA:57,1
DA:61,1
DA:62,1
DA:65,0
DA:66,0
DA:69,1
DA:70,1
DA:75,1
LF:32
LH:22
BRF:0
BRH:0
end_of_record
TN:
SF:/Users/willthompson/turing/mod_4/projects/quantified-self/routes/api/v1/meals.js
FN:8,(anonymous_0)
FN:16,(anonymous_1)
FN:19,(anonymous_2)
FN:24,(anonymous_3)
FN:33,(anonymous_4)
FN:36,(anonymous_5)
FN:42,(anonymous_6)
FN:50,(anonymous_7)
FN:54,(anonymous_8)
FN:61,(anonymous_9)
FN:64,(anonymous_10)
FN:68,(anonymous_11)
FNF:12
FNH:0
FNDA:0,(anonymous_0)
FNDA:0,(anonymous_1)
FNDA:0,(anonymous_2)
FNDA:0,(anonymous_3)
FNDA:0,(anonymous_4)
FNDA:0,(anonymous_5)
FNDA:0,(anonymous_6)
FNDA:0,(anonymous_7)
FNDA:0,(anonymous_8)
FNDA:0,(anonymous_9)
FNDA:0,(anonymous_10)
FNDA:0,(anonymous_11)
DA:1,1
DA:2,1
DA:3,1
DA:4,1
DA:5,1
DA:6,1
DA:8,1
DA:9,0
DA:10,0
DA:17,0
DA:20,0
DA:24,1
DA:25,0
DA:26,0
DA:34,0
DA:37,0
DA:42,1
DA:43,0
DA:44,0
DA:45,0
DA:51,0
DA:55,0
DA:56,0
DA:61,1
DA:62,0
DA:65,0
DA:66,0
DA:69,0
DA:70,0
DA:74,1
LF:30
LH:11
BRDA:63,0,0,0
BRDA:63,0,1,0
BRF:2
BRH:0
end_of_record
